{"total": {"lines":{"total":433,"covered":237,"skipped":0,"pct":54.73},"statements":{"total":450,"covered":240,"skipped":0,"pct":53.33},"functions":{"total":77,"covered":38,"skipped":0,"pct":49.35},"branches":{"total":180,"covered":113,"skipped":0,"pct":62.77},"branchesTrue":{"total":0,"covered":0,"skipped":0,"pct":100}}
,"C:\\Users\\HP\\Documents\\students\\drips\\SoroTask\\keeper\\index.js": {"lines":{"total":90,"covered":0,"skipped":0,"pct":0},"functions":{"total":16,"covered":0,"skipped":0,"pct":0},"statements":{"total":99,"covered":0,"skipped":0,"pct":0},"branches":{"total":16,"covered":0,"skipped":0,"pct":0}}
,"C:\\Users\\HP\\Documents\\students\\drips\\SoroTask\\keeper\\test-cjs.js": {"lines":{"total":1,"covered":0,"skipped":0,"pct":0},"functions":{"total":0,"covered":0,"skipped":0,"pct":100},"statements":{"total":2,"covered":0,"skipped":0,"pct":0},"branches":{"total":0,"covered":0,"skipped":0,"pct":100}}
,"C:\\Users\\HP\\Documents\\students\\drips\\SoroTask\\keeper\\test-esm.js": {"lines":{"total":1,"covered":0,"skipped":0,"pct":0},"functions":{"total":0,"covered":0,"skipped":0,"pct":100},"statements":{"total":1,"covered":0,"skipped":0,"pct":0},"branches":{"total":0,"covered":0,"skipped":0,"pct":100}}
,"C:\\Users\\HP\\Documents\\students\\drips\\SoroTask\\keeper\\src\\account.js": {"lines":{"total":30,"covered":26,"skipped":0,"pct":86.66},"functions":{"total":4,"covered":2,"skipped":0,"pct":50},"statements":{"total":31,"covered":27,"skipped":0,"pct":87.09},"branches":{"total":16,"covered":13,"skipped":0,"pct":81.25}}
,"C:\\Users\\HP\\Documents\\students\\drips\\SoroTask\\keeper\\src\\config.js": {"lines":{"total":6,"covered":0,"skipped":0,"pct":0},"functions":{"total":2,"covered":0,"skipped":0,"pct":0},"statements":{"total":7,"covered":0,"skipped":0,"pct":0},"branches":{"total":4,"covered":0,"skipped":0,"pct":0}}
,"C:\\Users\\HP\\Documents\\students\\drips\\SoroTask\\keeper\\src\\executor.js": {"lines":{"total":3,"covered":0,"skipped":0,"pct":0},"functions":{"total":3,"covered":0,"skipped":0,"pct":0},"statements":{"total":3,"covered":0,"skipped":0,"pct":0},"branches":{"total":0,"covered":0,"skipped":0,"pct":100}}
,"C:\\Users\\HP\\Documents\\students\\drips\\SoroTask\\keeper\\src\\gasMonitor.js": {"lines":{"total":38,"covered":34,"skipped":0,"pct":89.47},"functions":{"total":5,"covered":5,"skipped":0,"pct":100},"statements":{"total":39,"covered":34,"skipped":0,"pct":87.17},"branches":{"total":31,"covered":27,"skipped":0,"pct":87.09}}
,"C:\\Users\\HP\\Documents\\students\\drips\\SoroTask\\keeper\\src\\logger.js": {"lines":{"total":5,"covered":0,"skipped":0,"pct":0},"functions":{"total":4,"covered":0,"skipped":0,"pct":0},"statements":{"total":5,"covered":0,"skipped":0,"pct":0},"branches":{"total":2,"covered":0,"skipped":0,"pct":0}}
,"C:\\Users\\HP\\Documents\\students\\drips\\SoroTask\\keeper\\src\\metrics.js": {"lines":{"total":69,"covered":57,"skipped":0,"pct":82.6},"functions":{"total":18,"covered":14,"skipped":0,"pct":77.77},"statements":{"total":69,"covered":57,"skipped":0,"pct":82.6},"branches":{"total":39,"covered":33,"skipped":0,"pct":84.61}}
,"C:\\Users\\HP\\Documents\\students\\drips\\SoroTask\\keeper\\src\\poller.js": {"lines":{"total":116,"covered":73,"skipped":0,"pct":62.93},"functions":{"total":11,"covered":10,"skipped":0,"pct":90.9},"statements":{"total":117,"covered":74,"skipped":0,"pct":63.24},"branches":{"total":55,"covered":34,"skipped":0,"pct":61.81}}
,"C:\\Users\\HP\\Documents\\students\\drips\\SoroTask\\keeper\\src\\queue.js": {"lines":{"total":49,"covered":45,"skipped":0,"pct":91.83},"functions":{"total":7,"covered":7,"skipped":0,"pct":100},"statements":{"total":50,"covered":46,"skipped":0,"pct":92},"branches":{"total":11,"covered":6,"skipped":0,"pct":54.54}}
,"C:\\Users\\HP\\Documents\\students\\drips\\SoroTask\\keeper\\src\\registry.js": {"lines":{"total":5,"covered":0,"skipped":0,"pct":0},"functions":{"total":4,"covered":0,"skipped":0,"pct":0},"statements":{"total":5,"covered":0,"skipped":0,"pct":0},"branches":{"total":0,"covered":0,"skipped":0,"pct":100}}
,"C:\\Users\\HP\\Documents\\students\\drips\\SoroTask\\keeper\\src\\retry.js": {"lines":{"total":7,"covered":0,"skipped":0,"pct":0},"functions":{"total":2,"covered":0,"skipped":0,"pct":0},"statements":{"total":9,"covered":0,"skipped":0,"pct":0},"branches":{"total":4,"covered":0,"skipped":0,"pct":0}}
,"C:\\Users\\HP\\Documents\\students\\drips\\SoroTask\\keeper\\src\\rpc.js": {"lines":{"total":11,"covered":0,"skipped":0,"pct":0},"functions":{"total":1,"covered":0,"skipped":0,"pct":0},"statements":{"total":11,"covered":0,"skipped":0,"pct":0},"branches":{"total":2,"covered":0,"skipped":0,"pct":0}}
,"C:\\Users\\HP\\Documents\\students\\drips\\SoroTask\\keeper\\src\\server.js": {"lines":{"total":2,"covered":2,"skipped":0,"pct":100},"functions":{"total":0,"covered":0,"skipped":0,"pct":100},"statements":{"total":2,"covered":2,"skipped":0,"pct":100},"branches":{"total":0,"covered":0,"skipped":0,"pct":100}}
}
