{"total": {"lines":{"total":512,"covered":340,"skipped":0,"pct":66.4},"statements":{"total":526,"covered":349,"skipped":0,"pct":66.34},"functions":{"total":86,"covered":67,"skipped":0,"pct":77.9},"branches":{"total":314,"covered":207,"skipped":0,"pct":65.92},"branchesTrue":{"total":0,"covered":0,"skipped":0,"pct":"Unknown"}}
,"/Users/mac/Desktop/SoroTask/SoroTask/keeper/src/concurrency.js": {"lines":{"total":50,"covered":47,"skipped":0,"pct":94},"functions":{"total":8,"covered":6,"skipped":0,"pct":75},"statements":{"total":51,"covered":47,"skipped":0,"pct":92.15},"branches":{"total":26,"covered":23,"skipped":0,"pct":88.46}}
,"/Users/mac/Desktop/SoroTask/SoroTask/keeper/src/logger.js": {"lines":{"total":33,"covered":33,"skipped":0,"pct":100},"functions":{"total":18,"covered":18,"skipped":0,"pct":100},"statements":{"total":33,"covered":33,"skipped":0,"pct":100},"branches":{"total":20,"covered":15,"skipped":0,"pct":75}}
,"/Users/mac/Desktop/SoroTask/SoroTask/keeper/src/poller.js": {"lines":{"total":148,"covered":114,"skipped":0,"pct":77.02},"functions":{"total":17,"covered":15,"skipped":0,"pct":88.23},"statements":{"total":150,"covered":116,"skipped":0,"pct":77.33},"branches":{"total":81,"covered":56,"skipped":0,"pct":69.13}}
,"/Users/mac/Desktop/SoroTask/SoroTask/keeper/src/queue.js": {"lines":{"total":126,"covered":5,"skipped":0,"pct":3.96},"functions":{"total":13,"covered":1,"skipped":0,"pct":7.69},"statements":{"total":128,"covered":5,"skipped":0,"pct":3.9},"branches":{"total":55,"covered":3,"skipped":0,"pct":5.45}}
,"/Users/mac/Desktop/SoroTask/SoroTask/keeper/src/registry.js": {"lines":{"total":84,"covered":71,"skipped":0,"pct":84.52},"functions":{"total":17,"covered":14,"skipped":0,"pct":82.35},"statements":{"total":89,"covered":74,"skipped":0,"pct":83.14},"branches":{"total":54,"covered":39,"skipped":0,"pct":72.22}}
,"/Users/mac/Desktop/SoroTask/SoroTask/keeper/src/retry.js": {"lines":{"total":71,"covered":70,"skipped":0,"pct":98.59},"functions":{"total":13,"covered":13,"skipped":0,"pct":100},"statements":{"total":75,"covered":74,"skipped":0,"pct":98.66},"branches":{"total":78,"covered":71,"skipped":0,"pct":91.02}}
}
