TN:
SF:babel.config.js
FNF:0
FNH:0
DA:1,0
LF:1
LH:0
BRF:0
BRH:0
end_of_record
TN:
SF:index.js
FN:10,main
FN:43,(anonymous_1)
FN:44,(anonymous_2)
FN:45,(anonymous_3)
FN:46,(anonymous_4)
FN:49,(anonymous_5)
FN:82,(anonymous_6)
FN:101,(anonymous_7)
FN:104,(anonymous_8)
FN:110,(anonymous_9)
FN:121,(anonymous_10)
FN:147,(anonymous_11)
FN:155,(anonymous_12)
FN:156,(anonymous_13)
FN:160,(anonymous_14)
FN:173,(anonymous_15)
FNF:16
FNH:0
FNDA:0,main
FNDA:0,(anonymous_1)
FNDA:0,(anonymous_2)
FNDA:0,(anonymous_3)
FNDA:0,(anonymous_4)
FNDA:0,(anonymous_5)
FNDA:0,(anonymous_6)
FNDA:0,(anonymous_7)
FNDA:0,(anonymous_8)
FNDA:0,(anonymous_9)
FNDA:0,(anonymous_10)
FNDA:0,(anonymous_11)
FNDA:0,(anonymous_12)
FNDA:0,(anonymous_13)
FNDA:0,(anonymous_14)
FNDA:0,(anonymous_15)
DA:1,0
DA:2,0
DA:3,0
DA:5,0
DA:6,0
DA:7,0
DA:8,0
DA:11,0
DA:14,0
DA:15,0
DA:16,0
DA:17,0
DA:19,0
DA:20,0
DA:24,0
DA:25,0
DA:27,0
DA:28,0
DA:31,0
DA:32,0
DA:35,0
DA:38,0
DA:41,0
DA:43,0
DA:44,0
DA:45,0
DA:46,0
DA:49,0
DA:50,0
DA:52,0
DA:53,0
DA:55,0
DA:61,0
DA:69,0
DA:72,0
DA:73,0
DA:76,0
DA:77,0
DA:78,0
DA:79,0
DA:81,0
DA:82,0
DA:83,0
DA:84,0
DA:87,0
DA:88,0
DA:90,0
DA:95,0
DA:96,0
DA:101,0
DA:103,0
DA:104,0
DA:108,0
DA:109,0
DA:110,0
DA:112,0
DA:113,0
DA:118,0
DA:119,0
DA:121,0
DA:122,0
DA:123,0
DA:126,0
DA:127,0
DA:130,0
DA:132,0
DA:133,0
DA:134,0
DA:136,0
DA:139,0
DA:142,0
DA:147,0
DA:148,0
DA:149,0
DA:150,0
DA:151,0
DA:152,0
DA:155,0
DA:156,0
DA:159,0
DA:160,0
DA:161,0
DA:162,0
DA:163,0
DA:164,0
DA:165,0
DA:168,0
DA:173,0
DA:174,0
DA:175,0
LF:90
LH:0
BRDA:63,0,0,0
BRDA:63,0,1,0
BRDA:76,1,0,0
BRDA:76,1,1,0
BRDA:81,2,0,0
BRDA:81,2,1,0
BRDA:87,3,0,0
BRDA:87,3,1,0
BRDA:103,4,0,0
BRDA:103,4,1,0
BRDA:109,5,0,0
BRDA:109,5,1,0
BRDA:132,6,0,0
BRDA:132,6,1,0
BRDA:164,7,0,0
BRDA:164,7,1,0
BRF:16
BRH:0
end_of_record
TN:
SF:test-cjs.js
FNF:0
FNH:0
DA:1,0
LF:1
LH:0
BRF:0
BRH:0
end_of_record
TN:
SF:test-esm.js
FNF:0
FNH:0
DA:1,0
LF:1
LH:0
BRF:0
BRH:0
end_of_record
TN:
SF:src\account.js
FN:13,initializeKeeperAccount
FN:51,(anonymous_1)
FN:71,getKeeperAccount
FN:78,loadAccount
FNF:4
FNH:1
FNDA:1,initializeKeeperAccount
FNDA:0,(anonymous_1)
FNDA:0,getKeeperAccount
FNDA:0,loadAccount
DA:1,1
DA:2,1
DA:14,1
DA:15,1
DA:16,1
DA:20,0
DA:21,0
DA:23,0
DA:26,4
DA:27,4
DA:29,4
DA:30,4
DA:33,4
DA:35,4
DA:38,1
DA:39,1
DA:44,0
DA:48,3
DA:49,3
DA:51,3
DA:52,3
DA:54,3
DA:55,2
DA:56,2
DA:57,1
DA:59,1
DA:63,2
DA:72,0
DA:79,0
DA:82,1
LF:30
LH:6
BRDA:15,0,0,1
BRDA:15,0,1,0
BRDA:29,1,0,0
BRDA:29,1,1,0
BRDA:38,2,0,0
BRDA:38,2,1,0
BRDA:38,3,0,1
BRDA:38,3,1,1
BRDA:48,4,0,3
BRDA:48,4,1,0
BRDA:52,5,0,3
BRDA:52,5,1,0
BRDA:54,6,0,2
BRDA:54,6,1,1
BRDA:56,7,0,1
BRDA:56,7,1,1
BRF:16
BRH:1
end_of_record
TN:
SF:src\config.js
FN:5,loadConfig
FN:14,(anonymous_1)
FNF:2
FNH:0
FNDA:0,loadConfig
FNDA:0,(anonymous_1)
DA:3,0
DA:6,0
DA:14,0
DA:16,0
DA:17,0
DA:22,0
LF:6
LH:0
BRDA:16,0,0,0
BRDA:16,0,1,0
BRDA:28,1,0,0
BRDA:28,1,1,0
BRF:4
BRH:0
end_of_record
TN:
SF:src\executor.js
FN:3,createExecutor
FN:5,(anonymous_1)
FN:6,(anonymous_2)
FNF:3
FNH:0
FNDA:0,createExecutor
FNDA:0,(anonymous_1)
FNDA:0,(anonymous_2)
DA:4,0
DA:6,0
DA:7,0
LF:3
LH:0
BRF:0
BRH:0
end_of_record
TN:
SF:src\gasMonitor.js
FN:4,(anonymous_0)
FN:25,(anonymous_1)
FN:52,(anonymous_2)
FN:85,(anonymous_3)
FN:89,(anonymous_4)
FNF:5
FNH:4
FNDA:5,(anonymous_0)
FNDA:1,(anonymous_1)
FNDA:0,(anonymous_2)
FNDA:1,(anonymous_3)
FNDA:1,(anonymous_4)
DA:1,1
DA:6,5
DA:12,5
DA:15,5
DA:17,5
DA:20,5
DA:21,5
DA:22,5
DA:26,1
DA:27,1
DA:29,1
DA:31,1
DA:32,1
DA:33,1
DA:34,0
DA:35,0
DA:36,0
DA:39,1
DA:40,0
DA:41,1
DA:42,1
DA:45,1
DA:46,0
DA:49,1
DA:53,0
DA:54,0
DA:56,0
DA:58,0
DA:59,0
DA:66,0
DA:74,0
DA:75,0
DA:76,0
DA:78,0
DA:81,0
DA:86,1
DA:90,1
DA:98,1
LF:38
LH:22
BRDA:6,0,0,5
BRDA:6,0,1,5
BRDA:13,1,0,5
BRDA:13,1,1,5
BRDA:15,2,0,5
BRDA:15,2,1,5
BRDA:18,3,0,5
BRDA:18,3,1,5
BRDA:27,4,0,1
BRDA:27,4,1,1
BRDA:31,5,0,1
BRDA:31,5,1,0
BRDA:31,6,0,1
BRDA:31,6,1,1
BRDA:34,7,0,0
BRDA:34,7,1,0
BRDA:34,8,0,0
BRDA:34,8,1,0
BRDA:39,9,0,0
BRDA:39,9,1,1
BRDA:41,10,0,1
BRDA:41,10,1,0
BRDA:45,11,0,0
BRDA:45,11,1,1
BRDA:45,12,0,1
BRDA:45,12,1,0
BRDA:45,12,2,0
BRDA:56,13,0,0
BRDA:56,13,1,0
BRDA:56,14,0,0
BRDA:56,14,1,0
BRDA:74,15,0,0
BRDA:74,15,1,0
BRF:33
BRH:17
end_of_record
TN:
SF:src\logger.js
FN:1,createLogger
FN:3,(anonymous_1)
FN:6,(anonymous_2)
FN:9,(anonymous_3)
FNF:4
FNH:0
FNDA:0,createLogger
FNDA:0,(anonymous_1)
FNDA:0,(anonymous_2)
FNDA:0,(anonymous_3)
DA:2,0
DA:4,0
DA:7,0
DA:10,0
DA:11,0
LF:5
LH:0
BRDA:10,0,0,0
BRDA:10,0,1,0
BRF:2
BRH:0
end_of_record
TN:
SF:src\metrics.js
FN:8,(anonymous_0)
FN:29,(anonymous_1)
FN:35,(anonymous_2)
FN:42,(anonymous_3)
FN:49,(anonymous_4)
FN:58,(anonymous_5)
FN:65,(anonymous_6)
FN:80,(anonymous_7)
FN:96,(anonymous_8)
FN:108,(anonymous_9)
FN:109,(anonymous_10)
FN:120,(anonymous_11)
FN:131,(anonymous_12)
FN:141,(anonymous_13)
FN:160,(anonymous_14)
FN:164,(anonymous_15)
FN:168,(anonymous_16)
FN:172,(anonymous_17)
FNF:18
FNH:5
FNDA:9,(anonymous_0)
FNDA:1,(anonymous_1)
FNDA:1,(anonymous_2)
FNDA:0,(anonymous_3)
FNDA:0,(anonymous_4)
FNDA:1,(anonymous_5)
FNDA:0,(anonymous_6)
FNDA:0,(anonymous_7)
FNDA:2,(anonymous_8)
FNDA:0,(anonymous_9)
FNDA:0,(anonymous_10)
FNDA:0,(anonymous_11)
FNDA:0,(anonymous_12)
FNDA:0,(anonymous_13)
FNDA:0,(anonymous_14)
FNDA:0,(anonymous_15)
FNDA:0,(anonymous_16)
FNDA:0,(anonymous_17)
DA:1,2
DA:9,9
DA:16,9
DA:21,9
DA:22,9
DA:24,9
DA:25,9
DA:26,9
DA:30,1
DA:31,1
DA:36,1
DA:37,0
DA:38,0
DA:39,0
DA:41,0
DA:42,0
DA:44,1
DA:45,1
DA:50,0
DA:51,0
DA:53,0
DA:54,0
DA:59,1
DA:66,0
DA:67,0
DA:69,0
DA:72,0
DA:81,0
DA:87,0
DA:91,0
DA:97,2
DA:98,2
DA:99,2
DA:100,2
DA:104,2
DA:105,2
DA:109,0
DA:110,0
DA:111,0
DA:112,0
DA:113,0
DA:115,0
DA:116,0
DA:120,0
DA:121,0
DA:122,0
DA:125,0
DA:132,0
DA:135,0
DA:137,0
DA:138,0
DA:142,0
DA:143,0
DA:145,0
DA:156,0
DA:157,0
DA:161,0
DA:165,0
DA:169,0
DA:173,0
DA:174,0
DA:175,0
DA:180,2
LF:63
LH:21
BRDA:29,0,0,1
BRDA:30,1,0,1
BRDA:30,1,1,0
BRDA:36,2,0,0
BRDA:36,2,1,1
BRDA:38,3,0,0
BRDA:38,3,1,0
BRDA:44,4,0,1
BRDA:44,4,1,0
BRDA:50,5,0,0
BRDA:50,5,1,0
BRDA:53,6,0,0
BRDA:53,6,1,0
BRDA:69,7,0,0
BRDA:69,7,1,0
BRDA:73,8,0,0
BRDA:73,8,1,0
BRDA:75,9,0,0
BRDA:75,9,1,0
BRDA:99,10,0,2
BRDA:99,10,1,2
BRDA:101,11,0,2
BRDA:101,11,1,2
BRDA:110,12,0,0
BRDA:110,12,1,0
BRDA:110,13,0,0
BRDA:110,13,1,0
BRDA:112,14,0,0
BRDA:112,14,1,0
BRDA:112,15,0,0
BRDA:112,15,1,0
BRDA:135,16,0,0
BRDA:135,16,1,0
BRDA:173,17,0,0
BRDA:173,17,1,0
BRF:35
BRH:8
end_of_record
TN:
SF:src\poller.js
FN:10,(anonymous_0)
FN:40,(anonymous_1)
FN:63,(anonymous_2)
FN:64,(anonymous_3)
FN:72,(anonymous_4)
FN:109,(anonymous_5)
FN:152,(anonymous_6)
FN:207,(anonymous_7)
FN:235,(anonymous_8)
FN:283,(anonymous_9)
FN:298,(anonymous_10)
FNF:11
FNH:10
FNDA:20,(anonymous_0)
FNDA:7,(anonymous_1)
FNDA:11,(anonymous_2)
FNDA:11,(anonymous_3)
FNDA:11,(anonymous_4)
FNDA:7,(anonymous_5)
FNDA:1,(anonymous_6)
FNDA:2,(anonymous_7)
FNDA:0,(anonymous_8)
FNDA:5,(anonymous_9)
FNDA:1,(anonymous_10)
DA:1,1
DA:2,1
DA:11,20
DA:12,20
DA:15,20
DA:21,20
DA:22,20
DA:25,20
DA:41,7
DA:42,7
DA:43,7
DA:44,7
DA:45,7
DA:46,7
DA:48,7
DA:49,2
DA:50,2
DA:53,5
DA:55,5
DA:56,5
DA:60,5
DA:63,5
DA:64,11
DA:67,5
DA:70,5
DA:72,5
DA:73,11
DA:74,9
DA:76,9
DA:77,4
DA:78,4
DA:79,5
DA:80,1
DA:83,9
DA:84,2
DA:85,2
DA:86,2
DA:90,5
DA:91,5
DA:93,5
DA:96,0
DA:97,0
DA:98,0
DA:110,7
DA:112,7
DA:114,6
DA:115,1
DA:116,1
DA:120,5
DA:121,2
DA:122,2
DA:126,3
DA:127,3
DA:129,3
DA:130,2
DA:137,3
DA:140,1
DA:141,1
DA:153,1
DA:154,1
DA:157,1
DA:163,1
DA:168,1
DA:176,0
DA:178,0
DA:179,0
DA:182,0
DA:184,0
DA:185,0
DA:189,0
DA:190,0
DA:194,1
DA:195,0
DA:197,1
DA:208,2
DA:210,2
DA:211,1
DA:215,1
DA:216,1
DA:217,1
DA:218,1
DA:219,1
DA:222,0
DA:226,0
DA:227,0
DA:228,0
DA:231,0
DA:232,0
DA:235,0
DA:236,0
DA:237,0
DA:239,0
DA:241,0
DA:242,0
DA:244,0
DA:245,0
DA:247,0
DA:248,0
DA:250,0
DA:251,0
DA:253,0
DA:254,0
DA:256,0
DA:257,0
DA:259,0
DA:260,0
DA:262,0
DA:263,0
DA:265,0
DA:266,0
DA:270,0
DA:273,0
DA:274,0
DA:284,5
DA:299,1
DA:303,1
LF:116
LH:73
BRDA:10,0,0,1
BRDA:16,1,0,20
BRDA:16,1,1,1
BRDA:16,1,2,1
BRDA:21,2,0,20
BRDA:21,2,1,20
BRDA:48,3,0,2
BRDA:48,3,1,5
BRDA:48,4,0,7
BRDA:48,4,1,6
BRDA:73,5,0,9
BRDA:73,5,1,2
BRDA:73,6,0,11
BRDA:73,6,1,9
BRDA:76,7,0,4
BRDA:76,7,1,5
BRDA:79,8,0,1
BRDA:79,8,1,4
BRDA:84,9,0,2
BRDA:84,9,1,0
BRDA:114,10,0,1
BRDA:114,10,1,5
BRDA:120,11,0,2
BRDA:120,11,1,3
BRDA:129,12,0,2
BRDA:129,12,1,1
BRDA:170,13,0,1
BRDA:170,13,1,1
BRDA:178,14,0,0
BRDA:178,14,1,0
BRDA:178,15,0,0
BRDA:178,15,1,0
BRDA:184,16,0,0
BRDA:184,16,1,0
BRDA:194,17,0,0
BRDA:194,17,1,1
BRDA:194,18,0,1
BRDA:194,18,1,1
BRDA:210,19,0,1
BRDA:210,19,1,1
BRDA:216,20,0,1
BRDA:216,20,1,0
BRDA:218,21,0,1
BRDA:218,21,1,0
BRDA:226,22,0,0
BRDA:226,22,1,0
BRDA:239,23,0,0
BRDA:239,23,1,0
BRDA:239,23,2,0
BRDA:239,23,3,0
BRDA:239,23,4,0
BRDA:239,23,5,0
BRDA:239,23,6,0
BRDA:239,23,7,0
BRDA:239,23,8,0
BRF:55
BRH:34
end_of_record
TN:
SF:src\queue.js
FN:5,(anonymous_0)
FN:25,(anonymous_1)
FN:27,(anonymous_2)
FN:39,(anonymous_3)
FN:40,(anonymous_4)
FN:91,(anonymous_5)
FN:95,(anonymous_6)
FNF:7
FNH:1
FNDA:5,(anonymous_0)
FNDA:0,(anonymous_1)
FNDA:0,(anonymous_2)
FNDA:0,(anonymous_3)
FNDA:0,(anonymous_4)
FNDA:0,(anonymous_5)
FNDA:0,(anonymous_6)
DA:1,1
DA:2,1
DA:6,5
DA:8,5
DA:13,5
DA:14,5
DA:16,5
DA:17,5
DA:18,5
DA:19,5
DA:21,5
DA:22,5
DA:26,0
DA:27,0
DA:30,0
DA:33,0
DA:34,0
DA:37,4
DA:39,4
DA:40,13
DA:41,11
DA:42,11
DA:44,11
DA:46,11
DA:47,11
DA:48,10
DA:49,10
DA:50,0
DA:52,10
DA:54,1
DA:55,1
DA:56,1
DA:57,0
DA:59,1
DA:61,11
DA:66,4
DA:68,4
DA:69,4
DA:73,3
DA:74,3
DA:75,0
DA:78,0
DA:85,0
DA:86,0
DA:87,0
DA:92,0
DA:94,0
DA:95,0
DA:100,1
LF:49
LH:13
BRDA:9,0,0,5
BRDA:9,0,1,5
BRDA:9,0,2,5
BRDA:33,1,0,0
BRDA:33,1,1,4
BRDA:49,2,0,0
BRDA:49,2,1,10
BRDA:56,3,0,0
BRDA:56,3,1,1
BRDA:74,4,0,0
BRDA:74,4,1,3
BRF:11
BRH:3
end_of_record
TN:
SF:src\registry.js
FN:1,createRegistry
FN:5,(anonymous_1)
FN:6,(anonymous_2)
FN:7,(anonymous_3)
FNF:4
FNH:0
FNDA:0,createRegistry
FNDA:0,(anonymous_1)
FNDA:0,(anonymous_2)
FNDA:0,(anonymous_3)
DA:2,0
DA:4,0
DA:5,0
DA:6,0
DA:7,0
LF:5
LH:0
BRF:0
BRH:0
end_of_record
TN:
SF:src\retry.js
FN:1,retry
FN:10,(anonymous_1)
FNF:2
FNH:0
FNDA:0,retry
FNDA:0,(anonymous_1)
DA:4,0
DA:5,0
DA:6,0
DA:8,0
DA:9,0
DA:10,0
DA:15,0
LF:7
LH:0
BRDA:1,0,0,0
BRDA:1,1,0,0
BRDA:9,2,0,0
BRDA:9,2,1,0
BRF:4
BRH:0
end_of_record
TN:
SF:src\rpc.js
FN:4,createRpc
FNF:1
FNH:0
FNDA:0,createRpc
DA:2,0
DA:5,0
DA:9,0
DA:13,0
DA:14,0
DA:16,0
DA:17,0
DA:22,0
DA:26,0
DA:29,0
DA:32,0
LF:11
LH:0
BRDA:16,0,0,0
BRDA:16,0,1,0
BRF:2
BRH:0
end_of_record
TN:
SF:src\server.js
FNF:0
FNH:0
DA:1,1
DA:3,1
LF:2
LH:2
BRF:0
BRH:0
end_of_record
